Starting auto-push daemon...
[main 89b8b83] Auto-commit: 2026년  3월 31일 화요일 18시 32분 17초 KST
 6 files changed, 50 insertions(+), 1 deletion(-)
 create mode 100644 auto_push.log
 create mode 100644 docs/demo_scenario.md
 create mode 100755 start.sh
 create mode 100644 worker.log
To https://github.com/CHUH00/Mom_Voice_ChatBot.git
   af87cad..89b8b83  main -> main
Changes pushed to GitHub at 2026년  3월 31일 화요일 18시 32분 18초 KST
[main 0081a5e] Auto-commit: 2026년  3월 31일 화요일 18시 33분 18초 KST
 2 files changed, 10 insertions(+)
To https://github.com/CHUH00/Mom_Voice_ChatBot.git
   89b8b83..0081a5e  main -> main
Changes pushed to GitHub at 2026년  3월 31일 화요일 18시 33분 19초 KST
[main fa6732d] Auto-commit: 2026년  3월 31일 화요일 18시 34분 19초 KST
 1 file changed, 5 insertions(+)
To https://github.com/CHUH00/Mom_Voice_ChatBot.git
   0081a5e..fa6732d  main -> main
Changes pushed to GitHub at 2026년  3월 31일 화요일 18시 34분 20초 KST
[main 1e34edd] Auto-commit: 2026년  3월 31일 화요일 18시 35분 20초 KST
 1 file changed, 5 insertions(+)
To https://github.com/CHUH00/Mom_Voice_ChatBot.git
   fa6732d..1e34edd  main -> main
Changes pushed to GitHub at 2026년  3월 31일 화요일 18시 35분 22초 KST
[main ae22a91] Auto-commit: 2026년  3월 31일 화요일 18시 36분 22초 KST
 1 file changed, 5 insertions(+)
To https://github.com/CHUH00/Mom_Voice_ChatBot.git
   1e34edd..ae22a91  main -> main
Changes pushed to GitHub at 2026년  3월 31일 화요일 18시 36분 23초 KST
[main 0366e5b] Auto-commit: 2026년  3월 31일 화요일 18시 37분 23초 KST
 1 file changed, 5 insertions(+)
To https://github.com/CHUH00/Mom_Voice_ChatBot.git
   ae22a91..0366e5b  main -> main
Changes pushed to GitHub at 2026년  3월 31일 화요일 18시 37분 24초 KST
