INFO:     Will watch for changes in these directories: ['/Users/woojin/Desktop/CHUH00_Git/Mom_Voice_ChatBot']
INFO:     Uvicorn running on http://0.0.0.0:8000 (Press CTRL+C to quit)
INFO:     Started reloader process [73633] using WatchFiles
torchvision is not available - cannot save figures
Process SpawnProcess-1:
Traceback (most recent call last):
  File "/opt/homebrew/Cellar/python@3.10/3.10.20/Frameworks/Python.framework/Versions/3.10/lib/python3.10/multiprocessing/process.py", line 314, in _bootstrap
    self.run()
  File "/opt/homebrew/Cellar/python@3.10/3.10.20/Frameworks/Python.framework/Versions/3.10/lib/python3.10/multiprocessing/process.py", line 108, in run
    self._target(*self._args, **self._kwargs)
  File "/Users/woojin/Desktop/CHUH00_Git/Mom_Voice_ChatBot/mom_env/lib/python3.10/site-packages/uvicorn/_subprocess.py", line 80, in subprocess_started
    target(sockets=sockets)
  File "/Users/woojin/Desktop/CHUH00_Git/Mom_Voice_ChatBot/mom_env/lib/python3.10/site-packages/uvicorn/server.py", line 75, in run
    return asyncio_run(self.serve(sockets=sockets), loop_factory=self.config.get_loop_factory())
  File "/Users/woojin/Desktop/CHUH00_Git/Mom_Voice_ChatBot/mom_env/lib/python3.10/site-packages/uvicorn/_compat.py", line 60, in asyncio_run
    return loop.run_until_complete(main)
  File "uvloop/loop.pyx", line 1518, in uvloop.loop.Loop.run_until_complete
  File "/Users/woojin/Desktop/CHUH00_Git/Mom_Voice_ChatBot/mom_env/lib/python3.10/site-packages/uvicorn/server.py", line 79, in serve
    await self._serve(sockets)
  File "/Users/woojin/Desktop/CHUH00_Git/Mom_Voice_ChatBot/mom_env/lib/python3.10/site-packages/uvicorn/server.py", line 86, in _serve
    config.load()
  File "/Users/woojin/Desktop/CHUH00_Git/Mom_Voice_ChatBot/mom_env/lib/python3.10/site-packages/uvicorn/config.py", line 441, in load
    self.loaded_app = import_from_string(self.app)
  File "/Users/woojin/Desktop/CHUH00_Git/Mom_Voice_ChatBot/mom_env/lib/python3.10/site-packages/uvicorn/importer.py", line 19, in import_from_string
    module = importlib.import_module(module_str)
  File "/opt/homebrew/Cellar/python@3.10/3.10.20/Frameworks/Python.framework/Versions/3.10/lib/python3.10/importlib/__init__.py", line 126, in import_module
    return _bootstrap._gcd_import(name[level:], package, level)
  File "<frozen importlib._bootstrap>", line 1050, in _gcd_import
  File "<frozen importlib._bootstrap>", line 1027, in _find_and_load
  File "<frozen importlib._bootstrap>", line 1006, in _find_and_load_unlocked
  File "<frozen importlib._bootstrap>", line 688, in _load_unlocked
  File "<frozen importlib._bootstrap_external>", line 883, in exec_module
  File "<frozen importlib._bootstrap>", line 241, in _call_with_frames_removed
  File "/Users/woojin/Desktop/CHUH00_Git/Mom_Voice_ChatBot/backend/main.py", line 5, in <module>
    from backend.api import router
  File "/Users/woojin/Desktop/CHUH00_Git/Mom_Voice_ChatBot/backend/api/router.py", line 7, in <module>
    from backend.services.audio_service import process_separation_job
  File "/Users/woojin/Desktop/CHUH00_Git/Mom_Voice_ChatBot/backend/services/audio_service.py", line 6, in <module>
    from ai_pipeline.extraction import SpeakerExtractor
  File "/Users/woojin/Desktop/CHUH00_Git/Mom_Voice_ChatBot/ai_pipeline/extraction.py", line 4, in <module>
    from speechbrain.inference.speaker import EncoderClassifier
  File "/Users/woojin/Desktop/CHUH00_Git/Mom_Voice_ChatBot/mom_env/lib/python3.10/site-packages/speechbrain/__init__.py", line 4, in <module>
    from .core import Stage, Brain, create_experiment_directory, parse_arguments
  File "/Users/woojin/Desktop/CHUH00_Git/Mom_Voice_ChatBot/mom_env/lib/python3.10/site-packages/speechbrain/core.py", line 38, in <module>
    from speechbrain.utils.optimizers import rm_vector_weight_decay
  File "/Users/woojin/Desktop/CHUH00_Git/Mom_Voice_ChatBot/mom_env/lib/python3.10/site-packages/speechbrain/utils/__init__.py", line 15, in <module>
    from . import *  # noqa
  File "/Users/woojin/Desktop/CHUH00_Git/Mom_Voice_ChatBot/mom_env/lib/python3.10/site-packages/speechbrain/utils/bleu.py", line 7, in <module>
    from speechbrain.utils.metric_stats import MetricStats
  File "/Users/woojin/Desktop/CHUH00_Git/Mom_Voice_ChatBot/mom_env/lib/python3.10/site-packages/speechbrain/utils/metric_stats.py", line 15, in <module>
    from speechbrain.dataio.dataio import (
  File "/Users/woojin/Desktop/CHUH00_Git/Mom_Voice_ChatBot/mom_env/lib/python3.10/site-packages/speechbrain/dataio/__init__.py", line 11, in <module>
    from . import *  # noqa
  File "/Users/woojin/Desktop/CHUH00_Git/Mom_Voice_ChatBot/mom_env/lib/python3.10/site-packages/speechbrain/dataio/dataio.py", line 27, in <module>
    check_torchaudio_backend()
  File "/Users/woojin/Desktop/CHUH00_Git/Mom_Voice_ChatBot/mom_env/lib/python3.10/site-packages/speechbrain/utils/torch_audio_backend.py", line 52, in check_torchaudio_backend
    available_backends = torchaudio.list_audio_backends()
AttributeError: module 'torchaudio' has no attribute 'list_audio_backends'
